build/app/intermediates/manifest_merge_blame_file/release/manifest-merger-blame-release-report.txt
1<?xml version="1.0" encoding="utf-8"?>
2<manifest xmlns:android="http://schemas.android.com/apk/res/android"
3    package="com.example.iptv_app"
4    android:versionCode="1"
5    android:versionName="1.0.0" >
6
7    <uses-sdk
8        android:minSdkVersion="21"
9        android:targetSdkVersion="34" />
10
11    <!-- Network access: required for M3U playlist fetching and stream playback -->
12    <uses-permission android:name="android.permission.INTERNET" />
12-->src\main\AndroidManifest.xml:5:5-66
12-->src\main\AndroidManifest.xml:5:22-64
13    <!-- Keep screen on during playback -->
14    <uses-permission android:name="android.permission.WAKE_LOCK" />
14-->src\main\AndroidManifest.xml:7:5-67
14-->src\main\AndroidManifest.xml:7:22-65
15    <!-- Camera: required for QR playlist scanner (not required so TV builds still work) -->
16    <uses-permission android:name="android.permission.CAMERA" />
16-->src\main\AndroidManifest.xml:9:5-64
16-->src\main\AndroidManifest.xml:9:22-62
17
18    <uses-feature
18-->src\main\AndroidManifest.xml:10:5-84
19        android:name="android.hardware.camera"
19-->src\main\AndroidManifest.xml:10:19-57
20        android:required="false" />
20-->src\main\AndroidManifest.xml:10:58-82
21    <uses-feature
21-->src\main\AndroidManifest.xml:11:5-94
22        android:name="android.hardware.camera.autofocus"
22-->src\main\AndroidManifest.xml:11:19-67
23        android:required="false" />
23-->src\main\AndroidManifest.xml:11:68-92
24
25    <uses-permission android:name="android.permission.ACCESS_NETWORK_STATE" />
25-->[androidx.media3:media3-common:1.4.1] AndroidManifest.xml:22:5-79
25-->[androidx.media3:media3-common:1.4.1] AndroidManifest.xml:22:22-76
26
27    <permission
27-->[androidx.core:core:1.13.1] AndroidManifest.xml:22:5-24:47
28        android:name="com.example.iptv_app.DYNAMIC_RECEIVER_NOT_EXPORTED_PERMISSION"
28-->[androidx.core:core:1.13.1] AndroidManifest.xml:23:9-81
29        android:protectionLevel="signature" />
29-->[androidx.core:core:1.13.1] AndroidManifest.xml:24:9-44
30
31    <uses-permission android:name="com.example.iptv_app.DYNAMIC_RECEIVER_NOT_EXPORTED_PERMISSION" />
31-->[androidx.core:core:1.13.1] AndroidManifest.xml:26:5-97
31-->[androidx.core:core:1.13.1] AndroidManifest.xml:26:22-94
32
33    <application
34        android:name="android.app.Application"
34-->src\main\AndroidManifest.xml:15:9-42
35        android:appComponentFactory="androidx.core.app.CoreComponentFactory"
35-->[androidx.core:core:1.13.1] AndroidManifest.xml:28:18-86
36        android:extractNativeLibs="true"
37        android:hardwareAccelerated="true"
37-->src\main\AndroidManifest.xml:17:9-43
38        android:icon="@mipmap/ic_launcher"
38-->src\main\AndroidManifest.xml:16:9-43
39        android:label="IPTV App"
39-->src\main\AndroidManifest.xml:14:9-33
40        android:usesCleartextTraffic="true" >
40-->src\main\AndroidManifest.xml:18:9-44
41        <activity
41-->src\main\AndroidManifest.xml:20:9-37:20
42            android:name="com.example.iptv_app.MainActivity"
42-->src\main\AndroidManifest.xml:21:13-41
43            android:configChanges="orientation|keyboardHidden|keyboard|screenSize|smallestScreenSize|locale|layoutDirection|fontScale|screenLayout|density|uiMode"
43-->src\main\AndroidManifest.xml:25:13-163
44            android:exported="true"
44-->src\main\AndroidManifest.xml:22:13-36
45            android:launchMode="singleTop"
45-->src\main\AndroidManifest.xml:23:13-43
46            android:theme="@style/LaunchTheme"
46-->src\main\AndroidManifest.xml:24:13-47
47            android:windowSoftInputMode="adjustResize" >
47-->src\main\AndroidManifest.xml:26:13-55
48
49            <!-- Flutter meta-data: switch to the normal (non-splash) theme after launch -->
50            <meta-data
50-->src\main\AndroidManifest.xml:29:13-31:56
51                android:name="io.flutter.embedding.android.NormalTheme"
51-->src\main\AndroidManifest.xml:30:17-72
52                android:resource="@style/NormalTheme" />
52-->src\main\AndroidManifest.xml:31:17-54
53
54            <intent-filter>
54-->src\main\AndroidManifest.xml:33:13-36:29
55                <action android:name="android.intent.action.MAIN" />
55-->src\main\AndroidManifest.xml:34:17-68
55-->src\main\AndroidManifest.xml:34:25-66
56
57                <category android:name="android.intent.category.LAUNCHER" />
57-->src\main\AndroidManifest.xml:35:17-76
57-->src\main\AndroidManifest.xml:35:27-74
58            </intent-filter>
59        </activity>
60
61        <!-- Required for Flutter plugin embedding v2 -->
62        <meta-data
62-->src\main\AndroidManifest.xml:40:9-42:32
63            android:name="flutterEmbedding"
63-->src\main\AndroidManifest.xml:41:13-44
64            android:value="2" />
64-->src\main\AndroidManifest.xml:42:13-30
65
66        <service
66-->[androidx.camera:camera-camera2:1.3.1] AndroidManifest.xml:24:9-33:19
67            android:name="androidx.camera.core.impl.MetadataHolderService"
67-->[androidx.camera:camera-camera2:1.3.1] AndroidManifest.xml:25:13-75
68            android:enabled="false"
68-->[androidx.camera:camera-camera2:1.3.1] AndroidManifest.xml:26:13-36
69            android:exported="false" >
69-->[androidx.camera:camera-camera2:1.3.1] AndroidManifest.xml:27:13-37
70            <meta-data
70-->[androidx.camera:camera-camera2:1.3.1] AndroidManifest.xml:30:13-32:89
71                android:name="androidx.camera.core.impl.MetadataHolderService.DEFAULT_CONFIG_PROVIDER"
71-->[androidx.camera:camera-camera2:1.3.1] AndroidManifest.xml:31:17-103
72                android:value="androidx.camera.camera2.Camera2Config$DefaultProvider" />
72-->[androidx.camera:camera-camera2:1.3.1] AndroidManifest.xml:32:17-86
73        </service>
74        <service
74-->[com.google.android.gms:play-services-mlkit-barcode-scanning:18.3.0] AndroidManifest.xml:9:9-15:19
75            android:name="com.google.mlkit.common.internal.MlKitComponentDiscoveryService"
75-->[com.google.android.gms:play-services-mlkit-barcode-scanning:18.3.0] AndroidManifest.xml:10:13-91
76            android:directBootAware="true"
76-->[com.google.mlkit:common:18.9.0] AndroidManifest.xml:17:13-43
77            android:exported="false" >
77-->[com.google.android.gms:play-services-mlkit-barcode-scanning:18.3.0] AndroidManifest.xml:11:13-37
78            <meta-data
78-->[com.google.android.gms:play-services-mlkit-barcode-scanning:18.3.0] AndroidManifest.xml:12:13-14:85
79                android:name="com.google.firebase.components:com.google.mlkit.vision.barcode.internal.BarcodeRegistrar"
79-->[com.google.android.gms:play-services-mlkit-barcode-scanning:18.3.0] AndroidManifest.xml:13:17-120
80                android:value="com.google.firebase.components.ComponentRegistrar" />
80-->[com.google.android.gms:play-services-mlkit-barcode-scanning:18.3.0] AndroidManifest.xml:14:17-82
81            <meta-data
81-->[com.google.mlkit:vision-common:17.3.0] AndroidManifest.xml:12:13-14:85
82                android:name="com.google.firebase.components:com.google.mlkit.vision.common.internal.VisionCommonRegistrar"
82-->[com.google.mlkit:vision-common:17.3.0] AndroidManifest.xml:13:17-124
83                android:value="com.google.firebase.components.ComponentRegistrar" />
83-->[com.google.mlkit:vision-common:17.3.0] AndroidManifest.xml:14:17-82
84            <meta-data
84-->[com.google.mlkit:common:18.9.0] AndroidManifest.xml:20:13-22:85
85                android:name="com.google.firebase.components:com.google.mlkit.common.internal.CommonComponentRegistrar"
85-->[com.google.mlkit:common:18.9.0] AndroidManifest.xml:21:17-120
86                android:value="com.google.firebase.components.ComponentRegistrar" />
86-->[com.google.mlkit:common:18.9.0] AndroidManifest.xml:22:17-82
87        </service>
88
89        <provider
89-->[com.google.mlkit:common:18.9.0] AndroidManifest.xml:9:9-13:38
90            android:name="com.google.mlkit.common.internal.MlKitInitProvider"
90-->[com.google.mlkit:common:18.9.0] AndroidManifest.xml:10:13-78
91            android:authorities="com.example.iptv_app.mlkitinitprovider"
91-->[com.google.mlkit:common:18.9.0] AndroidManifest.xml:11:13-69
92            android:exported="false"
92-->[com.google.mlkit:common:18.9.0] AndroidManifest.xml:12:13-37
93            android:initOrder="99" />
93-->[com.google.mlkit:common:18.9.0] AndroidManifest.xml:13:13-35
94
95        <activity
95-->[com.google.android.gms:play-services-base:18.1.0] AndroidManifest.xml:20:9-22:45
96            android:name="com.google.android.gms.common.api.GoogleApiActivity"
96-->[com.google.android.gms:play-services-base:18.1.0] AndroidManifest.xml:20:19-85
97            android:exported="false"
97-->[com.google.android.gms:play-services-base:18.1.0] AndroidManifest.xml:22:19-43
98            android:theme="@android:style/Theme.Translucent.NoTitleBar" />
98-->[com.google.android.gms:play-services-base:18.1.0] AndroidManifest.xml:21:19-78
99
100        <meta-data
100-->[com.google.android.gms:play-services-basement:18.1.0] AndroidManifest.xml:21:9-23:69
101            android:name="com.google.android.gms.version"
101-->[com.google.android.gms:play-services-basement:18.1.0] AndroidManifest.xml:22:13-58
102            android:value="@integer/google_play_services_version" />
102-->[com.google.android.gms:play-services-basement:18.1.0] AndroidManifest.xml:23:13-66
103
104        <uses-library
104-->[androidx.window:window:1.2.0] AndroidManifest.xml:23:9-25:40
105            android:name="androidx.window.extensions"
105-->[androidx.window:window:1.2.0] AndroidManifest.xml:24:13-54
106            android:required="false" />
106-->[androidx.window:window:1.2.0] AndroidManifest.xml:25:13-37
107        <uses-library
107-->[androidx.window:window:1.2.0] AndroidManifest.xml:26:9-28:40
108            android:name="androidx.window.sidecar"
108-->[androidx.window:window:1.2.0] AndroidManifest.xml:27:13-51
109            android:required="false" />
109-->[androidx.window:window:1.2.0] AndroidManifest.xml:28:13-37
110
111        <provider
111-->[androidx.lifecycle:lifecycle-process:2.7.0] AndroidManifest.xml:24:9-32:20
112            android:name="androidx.startup.InitializationProvider"
112-->[androidx.lifecycle:lifecycle-process:2.7.0] AndroidManifest.xml:25:13-67
113            android:authorities="com.example.iptv_app.androidx-startup"
113-->[androidx.lifecycle:lifecycle-process:2.7.0] AndroidManifest.xml:26:13-68
114            android:exported="false" >
114-->[androidx.lifecycle:lifecycle-process:2.7.0] AndroidManifest.xml:27:13-37
115            <meta-data
115-->[androidx.lifecycle:lifecycle-process:2.7.0] AndroidManifest.xml:29:13-31:52
116                android:name="androidx.lifecycle.ProcessLifecycleInitializer"
116-->[androidx.lifecycle:lifecycle-process:2.7.0] AndroidManifest.xml:30:17-78
117                android:value="androidx.startup" />
117-->[androidx.lifecycle:lifecycle-process:2.7.0] AndroidManifest.xml:31:17-49
118            <meta-data
118-->[androidx.profileinstaller:profileinstaller:1.3.1] AndroidManifest.xml:29:13-31:52
119                android:name="androidx.profileinstaller.ProfileInstallerInitializer"
119-->[androidx.profileinstaller:profileinstaller:1.3.1] AndroidManifest.xml:30:17-85
120                android:value="androidx.startup" />
120-->[androidx.profileinstaller:profileinstaller:1.3.1] AndroidManifest.xml:31:17-49
121        </provider>
122
123        <receiver
123-->[androidx.profileinstaller:profileinstaller:1.3.1] AndroidManifest.xml:34:9-52:20
124            android:name="androidx.profileinstaller.ProfileInstallReceiver"
124-->[androidx.profileinstaller:profileinstaller:1.3.1] AndroidManifest.xml:35:13-76
125            android:directBootAware="false"
125-->[androidx.profileinstaller:profileinstaller:1.3.1] AndroidManifest.xml:36:13-44
126            android:enabled="true"
126-->[androidx.profileinstaller:profileinstaller:1.3.1] AndroidManifest.xml:37:13-35
127            android:exported="true"
127-->[androidx.profileinstaller:profileinstaller:1.3.1] AndroidManifest.xml:38:13-36
128            android:permission="android.permission.DUMP" >
128-->[androidx.profileinstaller:profileinstaller:1.3.1] AndroidManifest.xml:39:13-57
129            <intent-filter>
129-->[androidx.profileinstaller:profileinstaller:1.3.1] AndroidManifest.xml:40:13-42:29
130                <action android:name="androidx.profileinstaller.action.INSTALL_PROFILE" />
130-->[androidx.profileinstaller:profileinstaller:1.3.1] AndroidManifest.xml:41:17-91
130-->[androidx.profileinstaller:profileinstaller:1.3.1] AndroidManifest.xml:41:25-88
131            </intent-filter>
132            <intent-filter>
132-->[androidx.profileinstaller:profileinstaller:1.3.1] AndroidManifest.xml:43:13-45:29
133                <action android:name="androidx.profileinstaller.action.SKIP_FILE" />
133-->[androidx.profileinstaller:profileinstaller:1.3.1] AndroidManifest.xml:44:17-85
133-->[androidx.profileinstaller:profileinstaller:1.3.1] AndroidManifest.xml:44:25-82
134            </intent-filter>
135            <intent-filter>
135-->[androidx.profileinstaller:profileinstaller:1.3.1] AndroidManifest.xml:46:13-48:29
136                <action android:name="androidx.profileinstaller.action.SAVE_PROFILE" />
136-->[androidx.profileinstaller:profileinstaller:1.3.1] AndroidManifest.xml:47:17-88
136-->[androidx.profileinstaller:profileinstaller:1.3.1] AndroidManifest.xml:47:25-85
137            </intent-filter>
138            <intent-filter>
138-->[androidx.profileinstaller:profileinstaller:1.3.1] AndroidManifest.xml:49:13-51:29
139                <action android:name="androidx.profileinstaller.action.BENCHMARK_OPERATION" />
139-->[androidx.profileinstaller:profileinstaller:1.3.1] AndroidManifest.xml:50:17-95
139-->[androidx.profileinstaller:profileinstaller:1.3.1] AndroidManifest.xml:50:25-92
140            </intent-filter>
141        </receiver>
142
143        <service
143-->[com.google.android.datatransport:transport-backend-cct:2.3.3] AndroidManifest.xml:29:9-35:19
144            android:name="com.google.android.datatransport.runtime.backends.TransportBackendDiscovery"
144-->[com.google.android.datatransport:transport-backend-cct:2.3.3] AndroidManifest.xml:30:13-103
145            android:exported="false" >
145-->[com.google.android.datatransport:transport-backend-cct:2.3.3] AndroidManifest.xml:31:13-37
146            <meta-data
146-->[com.google.android.datatransport:transport-backend-cct:2.3.3] AndroidManifest.xml:32:13-34:39
147                android:name="backend:com.google.android.datatransport.cct.CctBackendFactory"
147-->[com.google.android.datatransport:transport-backend-cct:2.3.3] AndroidManifest.xml:33:17-94
148                android:value="cct" />
148-->[com.google.android.datatransport:transport-backend-cct:2.3.3] AndroidManifest.xml:34:17-36
149        </service>
150        <service
150-->[com.google.android.datatransport:transport-runtime:2.2.6] AndroidManifest.xml:26:9-30:19
151            android:name="com.google.android.datatransport.runtime.scheduling.jobscheduling.JobInfoSchedulerService"
151-->[com.google.android.datatransport:transport-runtime:2.2.6] AndroidManifest.xml:27:13-117
152            android:exported="false"
152-->[com.google.android.datatransport:transport-runtime:2.2.6] AndroidManifest.xml:28:13-37
153            android:permission="android.permission.BIND_JOB_SERVICE" >
153-->[com.google.android.datatransport:transport-runtime:2.2.6] AndroidManifest.xml:29:13-69
154        </service>
155
156        <receiver
156-->[com.google.android.datatransport:transport-runtime:2.2.6] AndroidManifest.xml:32:9-34:40
157            android:name="com.google.android.datatransport.runtime.scheduling.jobscheduling.AlarmManagerSchedulerBroadcastReceiver"
157-->[com.google.android.datatransport:transport-runtime:2.2.6] AndroidManifest.xml:33:13-132
158            android:exported="false" />
158-->[com.google.android.datatransport:transport-runtime:2.2.6] AndroidManifest.xml:34:13-37
159    </application>
160
161</manifest>